<html>
<body>
<pre>
<h1>µVision Build Log</h1>
<h2>Project:</h2>
C:\Users\MAHE\Desktop\MP_LAB_HK\exp6_1\exp6_1.uvproj
Project File Date:  09/09/2025

<h2>Output:</h2>
Build target 'Target 1'
linking...
.\exp6_1.axf: Warning: L6665W: Neither Lib$$Request$$armlib Lib$$Request$$cpplib defined, not searching ARM libraries.
.\exp6_1.axf: Error: L6218E: Undefined symbol __use_two_region_memory (referred from startup.o).
Not enough information to list image symbols.
Finished: 1 information, 1 warning and 1 error messages.
".\exp6_1.axf" - 1 Error(s), 1 Warning(s).
Target not created
</pre>
</body>
</html>
 1 Error(s), 1 Warning(s).
Target not created
r(s), 0 Warning(s).
Target not created
g opcode or Macro
main.s(30): error: A1163E: Unknown opcode delay , expecting opcode or Macro
main.s(31): error: A1647E: Bad register name symbol, expected Integer register
".\exp6_1.axf" - 9 Error(s), 0 Warning(s).
Target not created
xp6_1.axf" - 10 Error(s), 0 Warning(s).
Target not created
code or Macro
main.s(21): error: A1163E: Unknown opcode RO, , expecting opcode or Macro
main.s(22): error: A1163E: Unknown opcode R1, , expecting opcode or Macro
main.s(23): error: A1163E: Unknown opcode DELAY , expecting opcode or Macro
main.s(24): error: A1163E: Unknown opcode RO, , expecting opcode or Macro
main.s(25): error: A1163E: Unknown opcode R1, , expecting opcode or Macro
main.s(26): error: A1163E: Unknown opcode DELAY , expecting opcode or Macro
main.s(28): error: A1163E: Unknown opcode R1,=0X205B0000 , expecting opcode or Macro
main.s(31): error: A1163E: Unknown opcode RO, , expecting opcode or Macro
main.s(33): error: A1163E: Unknown opcode R1,=0X104F0000 , expecting opcode or Macro
main.s(34): error: A1163E: Unknown opcode R1, , expecting opcode or Macro
main.s(35): error: A1163E: Unknown opcode DELAY , expecting opcode or Macro
main.s(36): error: A1163E: Unknown opcode S , expecting opcode or Macro
main.s(37): error: A1163E: Unknown opcode r5, , expecting opcode or Macro
main.s(38): error: A1163E: Unknown opcode delay , expecting opcode or Macro
main.s(39): error: A1163E: Unknown opcode LR , expecting opcode or Macro
main.s(40): warning: A1313W: Missing END directive at end of file
".\exp6_1.axf" - 25 Error(s), 1 Warning(s).
Target not created
