<html>
<body>
<pre>
<h1>µVision Build Log</h1>
<h2>Project:</h2>
C:\Users\MAHE\Desktop\MP_LAB_HK\exp6_2\exp6_2.uvproj
Project File Date:  09/09/2025

<h2>Output:</h2>
Build target 'Target 1'
assembling main.s...
main.s(17): error: A1516E: Bad symbol 'IO0PIN', not defined or external
main.s(18): error: A1516E: Bad symbol 'IOOPIN', not defined or external
main.s(25): error: A1516E: Bad symbol 'DELAY', not defined or external
main.s(31): error: A1516E: Bad symbol 'DELAY', not defined or external
main.s(61): error: A1516E: Bad symbol 'SEG_CODE0', not defined or external
main.s(62): error: A1516E: Bad symbol 'SEG_CODE1', not defined or external
main.s(63): error: A1516E: Bad symbol 'SEG_CODE2', not defined or external
main.s(64): error: A1516E: Bad symbol 'SEG_CODE3', not defined or external
".\exp6_2.axf" - 8 Error(s), 0 Warning(s).
Target not created
</pre>
</body>
</html>
: Bad symbol 'SEG_CODE2', not defined or external
main.s(59): error: A1516E: Bad symbol 'SEG_CODE3', not defined or external
".\exp6_2.axf" - 11 Error(s), 0 Warning(s).
Target not created

".\exp6_2.axf" - 11 Error(s), 1 Warning(s).
Target not created
ing(s).
Target not created
ected Integer register
main.s(56): error: A1163E: Unknown opcode ROWO , expecting opcode or Macro
main.s(57): error: A1163E: Unknown opcode ROW1 , expecting opcode or Macro
main.s(58): error: A1163E: Unknown opcode ROW2 , expecting opcode or Macro
main.s(59): error: A1163E: Unknown opcode ROW3 , expecting opcode or Macro
main.s(61): error: A1163E: Unknown opcode FIND , expecting opcode or Macro
main.s(62): error: A1163E: Unknown opcode NXT , expecting opcode or Macro
main.s(67): error: A1163E: Unknown opcode MATCH , expecting opcode or Macro
main.s(68): error: A1163E: Unknown opcode TO , expecting opcode or Macro
main.s(69): error: A1647E: Bad register name symbol, expected Integer register
main.s(72): warning: A1865W: '#' not seen before constant expression
main.s(93): warning: A1313W: Missing END directive at end of file
".\exp6_2.axf" - 23 Error(s), 2 Warning(s).
Target not created
".\exp6_2.axf" - 24 Error(s), 2 Warning(s).
Target not created
nteger register
main.s(71): warning: A1865W: '#' not seen before constant expression
main.s(92): warning: A1313W: Missing END directive at end of file
".\exp6_2.axf" - 27 Error(s), 2 Warning(s).
Target not created
n.s(92): warning: A1313W: Missing END directive at end of file
".\exp6_2.axf" - 29 Error(s), 2 Warning(s).
Target not created
in.s(43): error: A1647E: Bad register name symbol, expected Integer register
main.s(44): error: A1186E: Code generated in data area
main.s(45): error: A1186E: Code generated in data area
main.s(46): error: A1186E: Code generated in data area
main.s(47): error: A1186E: Code generated in data area
main.s(48): error: A1647E: Bad register name symbol, expected Integer register
main.s(49): error: A1647E: Bad register name symbol, expected Integer register
main.s(50): error: A1186E: Code generated in data area
main.s(51): error: A1186E: Code generated in data area
main.s(52): error: A1186E: Code generated in data area
main.s(53): error: A1186E: Code generated in data area
main.s(54): error: A1186E: Code generated in data area
main.s(55): error: A1163E: Unknown opcode ROWO , expecting opcode or Macro
".\exp6_2.axf" - 50 Error(s), 0 Warning(s).
Target not created


Target not created
 Warning(s).
Target not created
